<?xml version="1.0" encoding="UTF-8"?>
<!-- Generated by org.testng.reporters.JUnitXMLReporter -->
<testsuite hostname="lab1T" name="Command line test" tests="6" failures="0" timestamp="22 Sep 2017 18:14:01 GMT" time="0.024" errors="0">
  <testcase name="firstGroup" time="0.0" classname="first.testNG.example.GroupTest"/>
  <testcase name="secondGroup" time="0.0" classname="first.testNG.example.GroupTest"/>
  <testcase name="UserId" time="0.001" classname="first.testNG.example.ParamsTest"/>
  <testcase name="UserId" time="0.001" classname="first.testNG.example.ParamsTest"/>
  <testcase name="firstTest" time="0.0" classname="first.testNG.example.TestNGDemo"/>
  <testcase name="secondTest" time="0.0" classname="first.testNG.example.TestNGDemo"/>
</testsuite> <!-- Command line test -->
