<?xml version="1.0" encoding="UTF-8"?>
<!-- Generated by org.testng.reporters.JUnitXMLReporter -->
<testsuite hostname="lab1T" name="testinTestng" tests="4" failures="0" timestamp="22 Sep 2017 17:23:24 GMT" time="1.019" errors="0">
  <testcase name="secondTest" time="1.003" classname="first.testNG.example.SecondDemo"/>
  <testcase name="firstTest" time="0.0" classname="first.testNG.example.SecondDemo"/>
  <testcase name="firstTest" time="0.001" classname="first.testNG.example.TestNGDemo"/>
  <testcase name="secondTest" time="0.0" classname="first.testNG.example.TestNGDemo"/>
</testsuite> <!-- testinTestng -->
