<?xml version="1.0" encoding="UTF-8"?>
<testng-results skipped="0" failed="0" total="4" passed="4">
  <reporter-output>
  </reporter-output>
  <suite name="Automation" duration-ms="1019" started-at="2017-09-22T17:23:23Z" finished-at="2017-09-22T17:23:24Z">
    <groups>
      <group name="group1">
        <method signature="SecondDemo.secondTest()[pri:0, instance:first.testNG.example.SecondDemo@511baa65]" name="secondTest" class="first.testNG.example.SecondDemo"/>
      </group> <!-- group1 -->
    </groups>
    <test name="testinTestng" duration-ms="1019" started-at="2017-09-22T17:23:23Z" finished-at="2017-09-22T17:23:24Z">
      <class name="first.testNG.example.TestNGDemo">
        <test-method status="PASS" signature="beforeTest()[pri:0, instance:first.testNG.example.TestNGDemo@43a25848]" name="beforeTest" is-config="true" duration-ms="5" started-at="2017-09-22T13:23:23Z" finished-at="2017-09-22T13:23:23Z">
          <reporter-output>
          </reporter-output>
        </test-method> <!-- beforeTest -->
        <test-method status="PASS" signature="firstTest()[pri:0, instance:first.testNG.example.TestNGDemo@43a25848]" name="firstTest" duration-ms="1" started-at="2017-09-22T13:23:24Z" finished-at="2017-09-22T13:23:24Z">
          <reporter-output>
          </reporter-output>
        </test-method> <!-- firstTest -->
        <test-method status="PASS" signature="beforeMethod()[pri:0, instance:first.testNG.example.TestNGDemo@43a25848]" name="beforeMethod" is-config="true" duration-ms="0" started-at="2017-09-22T13:23:24Z" finished-at="2017-09-22T13:23:24Z">
          <reporter-output>
          </reporter-output>
        </test-method> <!-- beforeMethod -->
        <test-method status="PASS" signature="afterMethod()[pri:0, instance:first.testNG.example.TestNGDemo@43a25848]" name="afterMethod" is-config="true" duration-ms="0" started-at="2017-09-22T13:23:24Z" finished-at="2017-09-22T13:23:24Z">
          <reporter-output>
          </reporter-output>
        </test-method> <!-- afterMethod -->
        <test-method status="PASS" signature="beforeMethod()[pri:0, instance:first.testNG.example.TestNGDemo@43a25848]" name="beforeMethod" is-config="true" duration-ms="0" started-at="2017-09-22T13:23:24Z" finished-at="2017-09-22T13:23:24Z">
          <reporter-output>
          </reporter-output>
        </test-method> <!-- beforeMethod -->
        <test-method status="PASS" signature="afterMethod()[pri:0, instance:first.testNG.example.TestNGDemo@43a25848]" name="afterMethod" is-config="true" duration-ms="0" started-at="2017-09-22T13:23:24Z" finished-at="2017-09-22T13:23:24Z">
          <reporter-output>
          </reporter-output>
        </test-method> <!-- afterMethod -->
        <test-method status="PASS" signature="afterTest()[pri:0, instance:first.testNG.example.TestNGDemo@43a25848]" name="afterTest" is-config="true" duration-ms="0" started-at="2017-09-22T13:23:24Z" finished-at="2017-09-22T13:23:24Z">
          <reporter-output>
          </reporter-output>
        </test-method> <!-- afterTest -->
        <test-method status="PASS" signature="secondTest()[pri:0, instance:first.testNG.example.TestNGDemo@43a25848]" name="secondTest" duration-ms="0" started-at="2017-09-22T13:23:24Z" finished-at="2017-09-22T13:23:24Z">
          <reporter-output>
          </reporter-output>
        </test-method> <!-- secondTest -->
      </class> <!-- first.testNG.example.TestNGDemo -->
      <class name="first.testNG.example.SecondDemo">
        <test-method status="PASS" signature="secondTest()[pri:0, instance:first.testNG.example.SecondDemo@511baa65]" name="secondTest" duration-ms="1003" started-at="2017-09-22T13:23:23Z" finished-at="2017-09-22T13:23:24Z">
          <reporter-output>
          </reporter-output>
        </test-method> <!-- secondTest -->
        <test-method status="PASS" signature="firstTest()[pri:0, instance:first.testNG.example.SecondDemo@511baa65]" name="firstTest" duration-ms="0" started-at="2017-09-22T13:23:24Z" depends-on-methods="first.testNG.example.SecondDemo.secondTest" finished-at="2017-09-22T13:23:24Z">
          <reporter-output>
          </reporter-output>
        </test-method> <!-- firstTest -->
      </class> <!-- first.testNG.example.SecondDemo -->
    </test> <!-- testinTestng -->
  </suite> <!-- Automation -->
</testng-results>
